<?xml version="1.0" encoding="UTF-8"?>
<!-- Generated by org.testng.reporters.JUnitReportReporter -->
<testsuite hostname="DESKTOP-8SUO2PA" failures="0" tests="1" name="testCases.Registration" time="2.631" errors="0" timestamp="2024-07-15T15:55:13 IST" skipped="0">
  <testcase classname="testCases.Registration" name="verifyacountreg" time="2.631"/>
</testsuite> <!-- testCases.Registration -->
