<?xml version="1.0" encoding="UTF-8"?>
<!-- Generated by org.testng.reporters.JUnitReportReporter -->
<testsuite hostname="DESKTOP-8SUO2PA" failures="0" tests="4" name="testCases.TC003_loginDD" time="15.602" errors="0" timestamp="2024-07-12T17:34:33 IST" skipped="0">
  <testcase classname="testCases.TC003_loginDD" name="loginDD" time="1.699"/>
  <testcase classname="testCases.TC003_loginDD" name="loginDD" time="1.450"/>
  <testcase classname="testCases.TC003_loginDD" name="loginDD" time="10.965"/>
  <testcase classname="testCases.TC003_loginDD" name="loginDD" time="1.488"/>
</testsuite> <!-- testCases.TC003_loginDD -->
