<?xml version="1.0" encoding="UTF-8"?>
<!-- Generated by org.testng.reporters.JUnitReportReporter -->
<testsuite hostname="DESKTOP-8SUO2PA" failures="0" tests="1" name="testCases.Registration" time="4.214" errors="0" timestamp="2024-07-15T17:32:39 IST" skipped="0">
  <testcase classname="testCases.Registration" name="verifyacountreg" time="4.214"/>
</testsuite> <!-- testCases.Registration -->
